[dotenv] Set [36mGOOGLE_OAUTH_CLIENT_ID[0m, [36mGOOGLE_OAUTH_CLIENT_SECRET[0m, [36mDATABASE_PASSWORD[0m, and [36mDATABASE_USER[0m
[dotenv] Loaded [33m.env[0m
[dotenv] Set [36mGOOGLE_OAUTH_CLIENT_ID[0m, [36mGOOGLE_OAUTH_CLIENT_SECRET[0m, [36mDATABASE_PASSWORD[0m, [36mDATABASE_USER[0m, [36mAWS_ACCESS_KEY_ID[0m, [36mAWS_SECRET_ACCESS_KEY[0m, [36mAWS_REGION[0m, and [36mAWS_BUCKET[0m
[dotenv] Loaded [33m.env[0m
  [1m[35m (0.3ms)[0m  [1m[35mCREATE DATABASE "test_app_development" ENCODING = 'unicode'[0m
  [1m[35m (0.4ms)[0m  [1m[35mCREATE DATABASE "test_app_test" ENCODING = 'unicode'[0m
[dotenv] Set [36mGOOGLE_OAUTH_CLIENT_ID[0m, [36mGOOGLE_OAUTH_CLIENT_SECRET[0m, [36mDATABASE_PASSWORD[0m, [36mDATABASE_USER[0m, [36mAWS_ACCESS_KEY_ID[0m, [36mAWS_SECRET_ACCESS_KEY[0m, [36mAWS_REGION[0m, and [36mAWS_BUCKET[0m
[dotenv] Loaded [33m.env[0m
  [1m[35m (0.1ms)[0m  [1m[34mSELECT pg_try_advisory_lock(7992348028875656775)[0m
  [1m[36mActiveRecord::SchemaMigration Pluck (0.4ms)[0m  [1m[34mSELECT "schema_migrations"."version" FROM "schema_migrations" ORDER BY "schema_migrations"."version" ASC[0m
Migrating to CreateMerches (20240910213808)
  [1m[36mTRANSACTION (0.2ms)[0m  [1m[35mBEGIN[0m
  [1m[35m (21.7ms)[0m  [1m[35mCREATE TABLE "merches" ("id" bigserial primary key, "link" character varying, "title" character varying, "description" character varying, "image" character varying, "stock" integer, "created_at" timestamp(6) NOT NULL, "updated_at" timestamp(6) NOT NULL)[0m
  [1m[36mActiveRecord::SchemaMigration Create (0.4ms)[0m  [1m[32mINSERT INTO "schema_migrations" ("version") VALUES ($1) RETURNING "version"[0m  [["version", "20240910213808"]]
  [1m[36mTRANSACTION (2.5ms)[0m  [1m[35mCOMMIT[0m
Migrating to CreatePhotos (20240911193256)
  [1m[36mTRANSACTION (0.2ms)[0m  [1m[35mBEGIN[0m
  [1m[35m (14.8ms)[0m  [1m[35mCREATE TABLE "photos" ("id" bigserial primary key, "image_data" text, "title" character varying, "description" text, "user_id" bigint NOT NULL, "created_at" timestamp(6) NOT NULL, "updated_at" timestamp(6) NOT NULL, CONSTRAINT "fk_rails_c79d76afc0"
FOREIGN KEY ("user_id")
  REFERENCES "users" ("id")
)[0m
  [1m[35m (2.3ms)[0m  [1m[35mCREATE INDEX "index_photos_on_user_id" ON "photos" ("user_id")[0m
  [1m[36mActiveRecord::SchemaMigration Create (0.4ms)[0m  [1m[32mINSERT INTO "schema_migrations" ("version") VALUES ($1) RETURNING "version"[0m  [["version", "20240911193256"]]
  [1m[36mTRANSACTION (2.1ms)[0m  [1m[35mCOMMIT[0m
Migrating to CreateMerchandises (20240912004859)
  [1m[36mTRANSACTION (0.3ms)[0m  [1m[35mBEGIN[0m
  [1m[35m (5.3ms)[0m  [1m[35mCREATE TABLE "merchandises" ("id" bigserial primary key, "link" character varying, "title" character varying, "description" character varying, "image" character varying, "stock" integer, "created_at" timestamp(6) NOT NULL, "updated_at" timestamp(6) NOT NULL)[0m
  [1m[36mActiveRecord::SchemaMigration Create (0.4ms)[0m  [1m[32mINSERT INTO "schema_migrations" ("version") VALUES ($1) RETURNING "version"[0m  [["version", "20240912004859"]]
  [1m[36mTRANSACTION (1.0ms)[0m  [1m[35mCOMMIT[0m
Migrating to CreateIdeas (20240912213549)
  [1m[36mTRANSACTION (0.3ms)[0m  [1m[35mBEGIN[0m
  [1m[35m (6.1ms)[0m  [1m[35mCREATE TABLE "ideas" ("id" bigserial primary key, "title" character varying, "description" character varying, "created_by" integer, "created_at" timestamp(6) NOT NULL, "updated_at" timestamp(6) NOT NULL)[0m
  [1m[36mActiveRecord::SchemaMigration Create (0.3ms)[0m  [1m[32mINSERT INTO "schema_migrations" ("version") VALUES ($1) RETURNING "version"[0m  [["version", "20240912213549"]]
  [1m[36mTRANSACTION (0.9ms)[0m  [1m[35mCOMMIT[0m
Migrating to CreateAnnoucements (20240913160322)
  [1m[36mTRANSACTION (2.3ms)[0m  [1m[35mBEGIN[0m
  [1m[35m (5.1ms)[0m  [1m[35mCREATE TABLE "annoucements" ("id" bigserial primary key, "title" character varying, "description" text, "created_by" integer, "created_at" timestamp(6) NOT NULL, "updated_at" timestamp(6) NOT NULL)[0m
  [1m[36mActiveRecord::SchemaMigration Create (0.3ms)[0m  [1m[32mINSERT INTO "schema_migrations" ("version") VALUES ($1) RETURNING "version"[0m  [["version", "20240913160322"]]
  [1m[36mTRANSACTION (1.0ms)[0m  [1m[35mCOMMIT[0m
  [1m[36mActiveRecord::InternalMetadata Load (0.3ms)[0m  [1m[34mSELECT "ar_internal_metadata".* FROM "ar_internal_metadata" WHERE "ar_internal_metadata"."key" = $1 LIMIT $2[0m  [["key", "environment"], ["LIMIT", 1]]
  [1m[35m (0.4ms)[0m  [1m[34mSELECT pg_advisory_unlock(7992348028875656775)[0m
  [1m[36mActiveRecord::SchemaMigration Pluck (0.4ms)[0m  [1m[34mSELECT "schema_migrations"."version" FROM "schema_migrations" ORDER BY "schema_migrations"."version" ASC[0m
